Compilación iniciada a las 4/28/2015 8:00:59 PM.
     1>Proyecto "C:\Users\Alejandro\Desktop\proy\trunk\Proyecto\Proyecto\Game.vcxproj" en el nodo 2 (Build destinos).
     1>C:\Program Files (x86)\MSBuild\Microsoft.Cpp\v4.0\V120\Microsoft.CppBuild.targets(364,5): warning MSB8004: Output Directory does not end with a trailing slash.  This build instance will add the slash as it is required to allow proper evaluation of the Output Directory.
     1>ClCompile:
         C:\Program Files (x86)\Microsoft Visual Studio 12.0\VC\bin\CL.exe /c /IC:\Users\Alejandro\Desktop\proy\trunk\Proyecto\Proyecto\\..\Librerias\sdl2\include /ZI /nologo /W3 /WX- /Od /Oy- /D USING_OPENGL /D _MBCS /D _MBCS /Gm /EHsc /RTC1 /MDd /GS /fp:precise /Zc:wchar_t /Zc:forScope /Fo"Debug\\" /Fd"Debug\vc120.pdb" /Gd /TP /analyze- /errorReport:prompt ..\Source\Game.cpp
         Game.cpp
     1>c:\users\alejandro\desktop\proy\trunk\proyecto\source\sprite.h(95): warning C4200: se ha utilizado una extensión no estándar : matriz de tamaño cero en struct/union
                 No se puede generar el constructor de copias o el operador de asignación de copias cuando el tipo definido por el usuario contiene una matriz de tamaño cero
     1>c:\users\alejandro\desktop\proy\trunk\proyecto\source\game.cpp(345): warning C4244: 'argumento' : conversión de 'GLint' a 'GLfloat'; posible pérdida de datos
       Link:
         C:\Program Files (x86)\Microsoft Visual Studio 12.0\VC\bin\link.exe /ERRORREPORT:PROMPT /OUT:"C:\Users\Alejandro\Desktop\proy\trunk\Proyecto\Proyecto\..\Ejecutable\Game.exe" /INCREMENTAL:NO /NOLOGO /LIBPATH:C:\Users\Alejandro\Desktop\proy\trunk\Proyecto\Proyecto\\..\Librerias\sdl2\lib\x86 SDL2.lib SDL2main.lib opengl32.lib kernel32.lib user32.lib gdi32.lib winspool.lib comdlg32.lib advapi32.lib shell32.lib ole32.lib oleaut32.lib uuid.lib odbc32.lib odbccp32.lib /MANIFEST /MANIFESTUAC:"level='asInvoker' uiAccess='false'" /manifest:embed /DEBUG /PDB:"C:\Users\Alejandro\Desktop\proy\trunk\Proyecto\Proyecto\..\Ejecutable\Game.pdb" /SUBSYSTEM:CONSOLE /TLBID:1 /DYNAMICBASE /NXCOMPAT /IMPLIB:"C:\Users\Alejandro\Desktop\proy\trunk\Proyecto\Proyecto\..\Ejecutable\Game.lib" /MACHINE:X86 Debug\main.obj
         Debug\Game.obj
         Debug\Nave.obj
         Debug\OpegGLImplement.obj
         Debug\Sprite.obj
         Debug\SpriteDef.obj
         Debug\Stage.obj
     1>main.obj : warning LNK4075: se omite '/EDITANDCONTINUE' debido a la especificación '/OPT:LBR'
     1>MSVCRTD.lib(cinitexe.obj) : warning LNK4098: la biblioteca predeterminada'msvcrt.lib' entra en conflicto con otras bibliotecas; use la biblioteca /NODEFAULTLIB:biblioteca
         Game.vcxproj -> C:\Users\Alejandro\Desktop\proy\trunk\Proyecto\Proyecto\..\Ejecutable\Game.exe
     1>Compilación del proyecto terminada "C:\Users\Alejandro\Desktop\proy\trunk\Proyecto\Proyecto\Game.vcxproj" (Build destinos).

Compilación correcta.

Tiempo transcurrido 00:00:01.99
